2023-10-01T16:20:26.894+02:00  INFO 3112 --- [main] p.m.g.GithubApiRestApplication           : Starting GithubApiRestApplication using Java 17.0.1 with PID 3112 (C:\github-api-rest\target\classes started by Michał in C:\github-api-rest)
2023-10-01T16:20:26.896+02:00  INFO 3112 --- [main] p.m.g.GithubApiRestApplication           : No active profile set, falling back to 1 default profile: "default"
2023-10-01T16:20:27.430+02:00  INFO 3112 --- [main] .s.d.r.c.RepositoryConfigurationDelegate : Bootstrapping Spring Data JPA repositories in DEFAULT mode.
2023-10-01T16:20:27.564+02:00  INFO 3112 --- [main] .s.d.r.c.RepositoryConfigurationDelegate : Finished Spring Data repository scanning in 124 ms. Found 1 JPA repository interfaces.
2023-10-01T16:20:27.969+02:00  INFO 3112 --- [main] o.s.b.w.embedded.tomcat.TomcatWebServer  : Tomcat initialized with port(s): 8080 (http)
2023-10-01T16:20:27.977+02:00  INFO 3112 --- [main] o.apache.catalina.core.StandardService   : Starting service [Tomcat]
2023-10-01T16:20:27.977+02:00  INFO 3112 --- [main] o.apache.catalina.core.StandardEngine    : Starting Servlet engine: [Apache Tomcat/10.1.13]
2023-10-01T16:20:28.058+02:00  INFO 3112 --- [main] o.a.c.c.C.[Tomcat].[localhost].[/]       : Initializing Spring embedded WebApplicationContext
2023-10-01T16:20:28.058+02:00  INFO 3112 --- [main] w.s.c.ServletWebServerApplicationContext : Root WebApplicationContext: initialization completed in 1121 ms
2023-10-01T16:20:28.166+02:00  INFO 3112 --- [main] com.zaxxer.hikari.HikariDataSource       : HikariPool-1 - Starting...
2023-10-01T16:20:28.248+02:00  INFO 3112 --- [main] com.zaxxer.hikari.pool.HikariPool        : HikariPool-1 - Added connection org.postgresql.jdbc.PgConnection@5696c927
2023-10-01T16:20:28.249+02:00  INFO 3112 --- [main] com.zaxxer.hikari.HikariDataSource       : HikariPool-1 - Start completed.
2023-10-01T16:20:28.368+02:00  INFO 3112 --- [main] liquibase.database                       : Set default schema name to public
2023-10-01T16:20:28.624+02:00  INFO 3112 --- [main] liquibase.changelog                      : Reading from public.databasechangelog
2023-10-01T16:20:28.630+02:00  INFO 3112 --- [main] liquibase.executor                       : Changelog query completed.
2023-10-01T16:20:28.704+02:00  INFO 3112 --- [main] o.hibernate.jpa.internal.util.LogHelper  : HHH000204: Processing PersistenceUnitInfo [name: default]
2023-10-01T16:20:28.748+02:00  INFO 3112 --- [main] org.hibernate.Version                    : HHH000412: Hibernate ORM core version 6.2.9.Final
2023-10-01T16:20:28.750+02:00  INFO 3112 --- [main] org.hibernate.cfg.Environment            : HHH000406: Using bytecode reflection optimizer
2023-10-01T16:20:28.863+02:00  INFO 3112 --- [main] o.h.b.i.BytecodeProviderInitiator        : HHH000021: Bytecode provider name : bytebuddy
2023-10-01T16:20:28.977+02:00  INFO 3112 --- [main] o.s.o.j.p.SpringPersistenceUnitInfo      : No LoadTimeWeaver setup: ignoring JPA class transformer
2023-10-01T16:20:29.160+02:00  INFO 3112 --- [main] o.h.b.i.BytecodeProviderInitiator        : HHH000021: Bytecode provider name : bytebuddy
2023-10-01T16:20:29.629+02:00  INFO 3112 --- [main] o.h.e.t.j.p.i.JtaPlatformInitiator       : HHH000490: Using JtaPlatform implementation: [org.hibernate.engine.transaction.jta.platform.internal.NoJtaPlatform]
2023-10-01T16:20:29.660+02:00  INFO 3112 --- [main] j.LocalContainerEntityManagerFactoryBean : Initialized JPA EntityManagerFactory for persistence unit 'default'
2023-10-01T16:20:29.988+02:00  WARN 3112 --- [main] JpaBaseConfiguration$JpaWebConfiguration : spring.jpa.open-in-view is enabled by default. Therefore, database queries may be performed during view rendering. Explicitly configure spring.jpa.open-in-view to disable this warning
2023-10-01T16:20:30.236+02:00  INFO 3112 --- [main] o.s.b.w.embedded.tomcat.TomcatWebServer  : Tomcat started on port(s): 8080 (http) with context path ''
2023-10-01T16:20:30.243+02:00  INFO 3112 --- [main] p.m.g.GithubApiRestApplication           : Started GithubApiRestApplication in 3.7 seconds (process running for 4.205)
2023-10-01T16:20:52.024+02:00  INFO 3112 --- [SpringApplicationShutdownHook] j.LocalContainerEntityManagerFactoryBean : Closing JPA EntityManagerFactory for persistence unit 'default'
2023-10-01T16:20:52.025+02:00  INFO 3112 --- [SpringApplicationShutdownHook] com.zaxxer.hikari.HikariDataSource       : HikariPool-1 - Shutdown initiated...
2023-10-01T16:20:52.027+02:00  INFO 3112 --- [SpringApplicationShutdownHook] com.zaxxer.hikari.HikariDataSource       : HikariPool-1 - Shutdown completed.
